<component name="libraryTable">
  <library name="junit-4.11">
    <CLASSES>
      <root url="jar://$PROJECT_DIR$/lib/junit-4.11.jar!/" />
      <root url="jar://$PROJECT_DIR$/lib/lombok-1.18.6.jar!/" />
      <root url="jar://$PROJECT_DIR$/lib/mysql-connector-java-5.1.44-bin.jar!/" />
    </CLASSES>
    <JAVADOC />
    <SOURCES />
  </library>
</component>